<?xml version="1.0" encoding="UTF-8"?>
<coverage generated="1716513467716" clover="3.2.0">
  <project timestamp="1716513467717" name="All files">
    <metrics statements="69" coveredstatements="59" conditionals="32" coveredconditionals="26" methods="22" coveredmethods="20" elements="123" coveredelements="105" complexity="0" loc="69" ncloc="69" packages="1" files="1" classes="1"/>
    <file name="Calculator.jsx" path="C:\Users\barre\Desktop\Lab8_Calculadora\src\Calculator\Calculator.jsx">
      <metrics statements="69" coveredstatements="59" conditionals="32" coveredconditionals="26" methods="22" coveredmethods="20"/>
      <line num="4" count="1" type="stmt"/>
      <line num="5" count="60" type="stmt"/>
      <line num="6" count="60" type="stmt"/>
      <line num="7" count="60" type="stmt"/>
      <line num="8" count="60" type="stmt"/>
      <line num="10" count="60" type="stmt"/>
      <line num="11" count="35" type="cond" truecount="4" falsecount="0"/>
      <line num="12" count="34" type="cond" truecount="2" falsecount="0"/>
      <line num="13" count="8" type="stmt"/>
      <line num="14" count="8" type="stmt"/>
      <line num="16" count="26" type="cond" truecount="2" falsecount="0"/>
      <line num="20" count="60" type="stmt"/>
      <line num="21" count="8" type="cond" truecount="2" falsecount="2"/>
      <line num="22" count="0" type="stmt"/>
      <line num="23" count="0" type="stmt"/>
      <line num="24" count="0" type="stmt"/>
      <line num="26" count="8" type="stmt"/>
      <line num="28" count="8" type="stmt"/>
      <line num="29" count="8" type="stmt"/>
      <line num="32" count="60" type="stmt"/>
      <line num="33" count="8" type="cond" truecount="1" falsecount="1"/>
      <line num="34" count="8" type="stmt"/>
      <line num="35" count="8" type="stmt"/>
      <line num="36" count="8" type="stmt"/>
      <line num="37" count="8" type="stmt"/>
      <line num="38" count="8" type="stmt"/>
      <line num="42" count="60" type="stmt"/>
      <line num="43" count="0" type="stmt"/>
      <line num="44" count="0" type="stmt"/>
      <line num="45" count="0" type="stmt"/>
      <line num="46" count="0" type="stmt"/>
      <line num="49" count="60" type="stmt"/>
      <line num="50" count="1" type="cond" truecount="1" falsecount="1"/>
      <line num="51" count="0" type="stmt"/>
      <line num="52" count="0" type="stmt"/>
      <line num="53" count="1" type="cond" truecount="1" falsecount="1"/>
      <line num="54" count="1" type="stmt"/>
      <line num="58" count="60" type="stmt"/>
      <line num="59" count="8" type="stmt"/>
      <line num="60" count="8" type="stmt"/>
      <line num="62" count="8" type="stmt"/>
      <line num="63" count="8" type="cond" truecount="2" falsecount="0"/>
      <line num="64" count="3" type="stmt"/>
      <line num="65" count="5" type="cond" truecount="2" falsecount="0"/>
      <line num="66" count="2" type="stmt"/>
      <line num="67" count="3" type="cond" truecount="2" falsecount="0"/>
      <line num="68" count="1" type="stmt"/>
      <line num="69" count="2" type="cond" truecount="1" falsecount="1"/>
      <line num="70" count="2" type="cond" truecount="2" falsecount="0"/>
      <line num="71" count="1" type="stmt"/>
      <line num="74" count="7" type="cond" truecount="2" falsecount="0"/>
      <line num="75" count="6" type="cond" truecount="2" falsecount="0"/>
      <line num="77" count="5" type="stmt"/>
      <line num="80" count="60" type="stmt"/>
      <line num="87" count="2" type="stmt"/>
      <line num="88" count="1" type="stmt"/>
      <line num="89" count="0" type="stmt"/>
      <line num="96" count="1" type="stmt"/>
      <line num="97" count="3" type="stmt"/>
      <line num="98" count="11" type="stmt"/>
      <line num="99" count="2" type="stmt"/>
      <line num="100" count="4" type="stmt"/>
      <line num="101" count="4" type="stmt"/>
      <line num="102" count="1" type="stmt"/>
      <line num="103" count="3" type="stmt"/>
      <line num="104" count="2" type="stmt"/>
      <line num="105" count="4" type="stmt"/>
      <line num="106" count="3" type="stmt"/>
      <line num="108" count="2" type="stmt"/>
    </file>
  </project>
</coverage>
