{"C:\\Users\\barre\\Desktop\\Lab8_Calculadora\\src\\Calculator\\Calculator.jsx": {"path":"C:\\Users\\barre\\Desktop\\Lab8_Calculadora\\src\\Calculator\\Calculator.jsx","statementMap":{"0":{"start":{"line":4,"column":19},"end":{"line":113,"column":1}},"1":{"start":{"line":5,"column":32},"end":{"line":5,"column":45}},"2":{"start":{"line":6,"column":36},"end":{"line":6,"column":50}},"3":{"start":{"line":7,"column":36},"end":{"line":7,"column":50}},"4":{"start":{"line":8,"column":54},"end":{"line":8,"column":69}},"5":{"start":{"line":10,"column":28},"end":{"line":18,"column":3}},"6":{"start":{"line":11,"column":4},"end":{"line":11,"column":59}},"7":{"start":{"line":11,"column":52},"end":{"line":11,"column":59}},"8":{"start":{"line":12,"column":4},"end":{"line":17,"column":5}},"9":{"start":{"line":13,"column":6},"end":{"line":13,"column":24}},"10":{"start":{"line":14,"column":6},"end":{"line":14,"column":35}},"11":{"start":{"line":16,"column":6},"end":{"line":16,"column":60}},"12":{"start":{"line":20,"column":31},"end":{"line":30,"column":3}},"13":{"start":{"line":21,"column":4},"end":{"line":27,"column":5}},"14":{"start":{"line":22,"column":21},"end":{"line":22,"column":61}},"15":{"start":{"line":23,"column":6},"end":{"line":23,"column":25}},"16":{"start":{"line":24,"column":6},"end":{"line":24,"column":27}},"17":{"start":{"line":26,"column":6},"end":{"line":26,"column":28}},"18":{"start":{"line":28,"column":4},"end":{"line":28,"column":24}},"19":{"start":{"line":29,"column":4},"end":{"line":29,"column":32}},"20":{"start":{"line":32,"column":28},"end":{"line":40,"column":3}},"21":{"start":{"line":33,"column":4},"end":{"line":39,"column":5}},"22":{"start":{"line":34,"column":21},"end":{"line":34,"column":61}},"23":{"start":{"line":35,"column":6},"end":{"line":35,"column":25}},"24":{"start":{"line":36,"column":6},"end":{"line":36,"column":25}},"25":{"start":{"line":37,"column":6},"end":{"line":37,"column":25}},"26":{"start":{"line":38,"column":6},"end":{"line":38,"column":34}},"27":{"start":{"line":42,"column":27},"end":{"line":47,"column":3}},"28":{"start":{"line":43,"column":4},"end":{"line":43,"column":20}},"29":{"start":{"line":44,"column":4},"end":{"line":44,"column":23}},"30":{"start":{"line":45,"column":4},"end":{"line":45,"column":23}},"31":{"start":{"line":46,"column":4},"end":{"line":46,"column":33}},"32":{"start":{"line":49,"column":29},"end":{"line":56,"column":3}},"33":{"start":{"line":50,"column":4},"end":{"line":55,"column":5}},"34":{"start":{"line":51,"column":6},"end":{"line":51,"column":23}},"35":{"start":{"line":52,"column":6},"end":{"line":52,"column":35}},"36":{"start":{"line":53,"column":11},"end":{"line":55,"column":5}},"37":{"start":{"line":54,"column":6},"end":{"line":54,"column":32}},"38":{"start":{"line":58,"column":20},"end":{"line":78,"column":3}},"39":{"start":{"line":59,"column":20},"end":{"line":59,"column":36}},"40":{"start":{"line":60,"column":23},"end":{"line":60,"column":42}},"41":{"start":{"line":62,"column":17},"end":{"line":62,"column":18}},"42":{"start":{"line":63,"column":4},"end":{"line":72,"column":5}},"43":{"start":{"line":64,"column":6},"end":{"line":64,"column":36}},"44":{"start":{"line":65,"column":11},"end":{"line":72,"column":5}},"45":{"start":{"line":66,"column":6},"end":{"line":66,"column":36}},"46":{"start":{"line":67,"column":11},"end":{"line":72,"column":5}},"47":{"start":{"line":68,"column":6},"end":{"line":68,"column":36}},"48":{"start":{"line":69,"column":11},"end":{"line":72,"column":5}},"49":{"start":{"line":70,"column":6},"end":{"line":70,"column":43}},"50":{"start":{"line":70,"column":28},"end":{"line":70,"column":43}},"51":{"start":{"line":71,"column":6},"end":{"line":71,"column":36}},"52":{"start":{"line":74,"column":4},"end":{"line":74,"column":43}},"53":{"start":{"line":74,"column":28},"end":{"line":74,"column":43}},"54":{"start":{"line":75,"column":4},"end":{"line":75,"column":35}},"55":{"start":{"line":75,"column":20},"end":{"line":75,"column":35}},"56":{"start":{"line":77,"column":4},"end":{"line":77,"column":38}},"57":{"start":{"line":80,"column":2},"end":{"line":112,"column":4}},"58":{"start":{"line":87,"column":57},"end":{"line":87,"column":82}},"59":{"start":{"line":88,"column":57},"end":{"line":88,"column":82}},"60":{"start":{"line":89,"column":47},"end":{"line":89,"column":69}},"61":{"start":{"line":96,"column":47},"end":{"line":96,"column":69}},"62":{"start":{"line":97,"column":47},"end":{"line":97,"column":69}},"63":{"start":{"line":98,"column":47},"end":{"line":98,"column":69}},"64":{"start":{"line":99,"column":57},"end":{"line":99,"column":82}},"65":{"start":{"line":100,"column":47},"end":{"line":100,"column":69}},"66":{"start":{"line":101,"column":47},"end":{"line":101,"column":69}},"67":{"start":{"line":102,"column":47},"end":{"line":102,"column":69}},"68":{"start":{"line":103,"column":57},"end":{"line":103,"column":82}},"69":{"start":{"line":104,"column":47},"end":{"line":104,"column":69}},"70":{"start":{"line":105,"column":47},"end":{"line":105,"column":69}},"71":{"start":{"line":106,"column":47},"end":{"line":106,"column":69}},"72":{"start":{"line":108,"column":47},"end":{"line":108,"column":69}}},"fnMap":{"0":{"name":"(anonymous_0)","decl":{"start":{"line":4,"column":19},"end":{"line":4,"column":20}},"loc":{"start":{"line":4,"column":25},"end":{"line":113,"column":1}},"line":4},"1":{"name":"(anonymous_1)","decl":{"start":{"line":10,"column":28},"end":{"line":10,"column":29}},"loc":{"start":{"line":10,"column":39},"end":{"line":18,"column":3}},"line":10},"2":{"name":"(anonymous_2)","decl":{"start":{"line":20,"column":31},"end":{"line":20,"column":32}},"loc":{"start":{"line":20,"column":42},"end":{"line":30,"column":3}},"line":20},"3":{"name":"(anonymous_3)","decl":{"start":{"line":32,"column":28},"end":{"line":32,"column":29}},"loc":{"start":{"line":32,"column":34},"end":{"line":40,"column":3}},"line":32},"4":{"name":"(anonymous_4)","decl":{"start":{"line":42,"column":27},"end":{"line":42,"column":28}},"loc":{"start":{"line":42,"column":33},"end":{"line":47,"column":3}},"line":42},"5":{"name":"(anonymous_5)","decl":{"start":{"line":49,"column":29},"end":{"line":49,"column":30}},"loc":{"start":{"line":49,"column":35},"end":{"line":56,"column":3}},"line":49},"6":{"name":"(anonymous_6)","decl":{"start":{"line":58,"column":20},"end":{"line":58,"column":21}},"loc":{"start":{"line":58,"column":50},"end":{"line":78,"column":3}},"line":58},"7":{"name":"(anonymous_7)","decl":{"start":{"line":87,"column":51},"end":{"line":87,"column":52}},"loc":{"start":{"line":87,"column":57},"end":{"line":87,"column":82}},"line":87},"8":{"name":"(anonymous_8)","decl":{"start":{"line":88,"column":51},"end":{"line":88,"column":52}},"loc":{"start":{"line":88,"column":57},"end":{"line":88,"column":82}},"line":88},"9":{"name":"(anonymous_9)","decl":{"start":{"line":89,"column":41},"end":{"line":89,"column":42}},"loc":{"start":{"line":89,"column":47},"end":{"line":89,"column":69}},"line":89},"10":{"name":"(anonymous_10)","decl":{"start":{"line":96,"column":41},"end":{"line":96,"column":42}},"loc":{"start":{"line":96,"column":47},"end":{"line":96,"column":69}},"line":96},"11":{"name":"(anonymous_11)","decl":{"start":{"line":97,"column":41},"end":{"line":97,"column":42}},"loc":{"start":{"line":97,"column":47},"end":{"line":97,"column":69}},"line":97},"12":{"name":"(anonymous_12)","decl":{"start":{"line":98,"column":41},"end":{"line":98,"column":42}},"loc":{"start":{"line":98,"column":47},"end":{"line":98,"column":69}},"line":98},"13":{"name":"(anonymous_13)","decl":{"start":{"line":99,"column":51},"end":{"line":99,"column":52}},"loc":{"start":{"line":99,"column":57},"end":{"line":99,"column":82}},"line":99},"14":{"name":"(anonymous_14)","decl":{"start":{"line":100,"column":41},"end":{"line":100,"column":42}},"loc":{"start":{"line":100,"column":47},"end":{"line":100,"column":69}},"line":100},"15":{"name":"(anonymous_15)","decl":{"start":{"line":101,"column":41},"end":{"line":101,"column":42}},"loc":{"start":{"line":101,"column":47},"end":{"line":101,"column":69}},"line":101},"16":{"name":"(anonymous_16)","decl":{"start":{"line":102,"column":41},"end":{"line":102,"column":42}},"loc":{"start":{"line":102,"column":47},"end":{"line":102,"column":69}},"line":102},"17":{"name":"(anonymous_17)","decl":{"start":{"line":103,"column":51},"end":{"line":103,"column":52}},"loc":{"start":{"line":103,"column":57},"end":{"line":103,"column":82}},"line":103},"18":{"name":"(anonymous_18)","decl":{"start":{"line":104,"column":41},"end":{"line":104,"column":42}},"loc":{"start":{"line":104,"column":47},"end":{"line":104,"column":69}},"line":104},"19":{"name":"(anonymous_19)","decl":{"start":{"line":105,"column":41},"end":{"line":105,"column":42}},"loc":{"start":{"line":105,"column":47},"end":{"line":105,"column":69}},"line":105},"20":{"name":"(anonymous_20)","decl":{"start":{"line":106,"column":41},"end":{"line":106,"column":42}},"loc":{"start":{"line":106,"column":47},"end":{"line":106,"column":69}},"line":106},"21":{"name":"(anonymous_21)","decl":{"start":{"line":108,"column":41},"end":{"line":108,"column":42}},"loc":{"start":{"line":108,"column":47},"end":{"line":108,"column":69}},"line":108}},"branchMap":{"0":{"loc":{"start":{"line":11,"column":4},"end":{"line":11,"column":59}},"type":"if","locations":[{"start":{"line":11,"column":4},"end":{"line":11,"column":59}},{"start":{},"end":{}}],"line":11},"1":{"loc":{"start":{"line":11,"column":8},"end":{"line":11,"column":50}},"type":"binary-expr","locations":[{"start":{"line":11,"column":8},"end":{"line":11,"column":27}},{"start":{"line":11,"column":31},"end":{"line":11,"column":50}}],"line":11},"2":{"loc":{"start":{"line":12,"column":4},"end":{"line":17,"column":5}},"type":"if","locations":[{"start":{"line":12,"column":4},"end":{"line":17,"column":5}},{"start":{"line":15,"column":11},"end":{"line":17,"column":5}}],"line":12},"3":{"loc":{"start":{"line":16,"column":17},"end":{"line":16,"column":58}},"type":"cond-expr","locations":[{"start":{"line":16,"column":35},"end":{"line":16,"column":40}},{"start":{"line":16,"column":43},"end":{"line":16,"column":58}}],"line":16},"4":{"loc":{"start":{"line":21,"column":4},"end":{"line":27,"column":5}},"type":"if","locations":[{"start":{"line":21,"column":4},"end":{"line":27,"column":5}},{"start":{"line":25,"column":11},"end":{"line":27,"column":5}}],"line":21},"5":{"loc":{"start":{"line":21,"column":8},"end":{"line":21,"column":40}},"type":"binary-expr","locations":[{"start":{"line":21,"column":8},"end":{"line":21,"column":17}},{"start":{"line":21,"column":21},"end":{"line":21,"column":40}}],"line":21},"6":{"loc":{"start":{"line":33,"column":4},"end":{"line":39,"column":5}},"type":"if","locations":[{"start":{"line":33,"column":4},"end":{"line":39,"column":5}},{"start":{},"end":{}}],"line":33},"7":{"loc":{"start":{"line":50,"column":4},"end":{"line":55,"column":5}},"type":"if","locations":[{"start":{"line":50,"column":4},"end":{"line":55,"column":5}},{"start":{"line":53,"column":11},"end":{"line":55,"column":5}}],"line":50},"8":{"loc":{"start":{"line":53,"column":11},"end":{"line":55,"column":5}},"type":"if","locations":[{"start":{"line":53,"column":11},"end":{"line":55,"column":5}},{"start":{},"end":{}}],"line":53},"9":{"loc":{"start":{"line":63,"column":4},"end":{"line":72,"column":5}},"type":"if","locations":[{"start":{"line":63,"column":4},"end":{"line":72,"column":5}},{"start":{"line":65,"column":11},"end":{"line":72,"column":5}}],"line":63},"10":{"loc":{"start":{"line":65,"column":11},"end":{"line":72,"column":5}},"type":"if","locations":[{"start":{"line":65,"column":11},"end":{"line":72,"column":5}},{"start":{"line":67,"column":11},"end":{"line":72,"column":5}}],"line":65},"11":{"loc":{"start":{"line":67,"column":11},"end":{"line":72,"column":5}},"type":"if","locations":[{"start":{"line":67,"column":11},"end":{"line":72,"column":5}},{"start":{"line":69,"column":11},"end":{"line":72,"column":5}}],"line":67},"12":{"loc":{"start":{"line":69,"column":11},"end":{"line":72,"column":5}},"type":"if","locations":[{"start":{"line":69,"column":11},"end":{"line":72,"column":5}},{"start":{},"end":{}}],"line":69},"13":{"loc":{"start":{"line":70,"column":6},"end":{"line":70,"column":43}},"type":"if","locations":[{"start":{"line":70,"column":6},"end":{"line":70,"column":43}},{"start":{},"end":{}}],"line":70},"14":{"loc":{"start":{"line":74,"column":4},"end":{"line":74,"column":43}},"type":"if","locations":[{"start":{"line":74,"column":4},"end":{"line":74,"column":43}},{"start":{},"end":{}}],"line":74},"15":{"loc":{"start":{"line":75,"column":4},"end":{"line":75,"column":35}},"type":"if","locations":[{"start":{"line":75,"column":4},"end":{"line":75,"column":35}},{"start":{},"end":{}}],"line":75}},"s":{"0":1,"1":60,"2":60,"3":60,"4":60,"5":60,"6":35,"7":1,"8":34,"9":8,"10":8,"11":26,"12":60,"13":8,"14":0,"15":0,"16":0,"17":8,"18":8,"19":8,"20":60,"21":8,"22":8,"23":8,"24":8,"25":8,"26":8,"27":60,"28":0,"29":0,"30":0,"31":0,"32":60,"33":1,"34":0,"35":0,"36":1,"37":1,"38":60,"39":8,"40":8,"41":8,"42":8,"43":3,"44":5,"45":2,"46":3,"47":1,"48":2,"49":2,"50":1,"51":1,"52":7,"53":1,"54":6,"55":1,"56":5,"57":60,"58":2,"59":1,"60":0,"61":1,"62":3,"63":11,"64":2,"65":4,"66":4,"67":1,"68":3,"69":2,"70":4,"71":3,"72":2},"f":{"0":60,"1":35,"2":8,"3":8,"4":0,"5":1,"6":8,"7":2,"8":1,"9":0,"10":1,"11":3,"12":11,"13":2,"14":4,"15":4,"16":1,"17":3,"18":2,"19":4,"20":3,"21":2},"b":{"0":[1,34],"1":[35,2],"2":[8,26],"3":[9,17],"4":[0,8],"5":[8,0],"6":[8,0],"7":[0,1],"8":[1,0],"9":[3,5],"10":[2,3],"11":[1,2],"12":[2,0],"13":[1,1],"14":[1,6],"15":[1,5]},"_coverageSchema":"1a1c01bbd47fc00a2c39e90264f33305004495a9","hash":"c68e1d1122c80b477b3a33986c16944a0482a695"}
}
